[    0.000] Intiizing cgroup subyscpuset
[    0.00000]nitializing cgroup subsys cpu
[    0.000000] Initializing cgroup subsys cpuacct
[    0.000000] Linux version 4.4.0-31-generic (buildd@lgw01-16) (gcc version 5.3.1 20160413 (Ubuntu 5.3.1-14ubuntu2.1) ) #50-Ubuntu SMP Wed Jul 13 00:07:12 UTC 2016 (Ubuntu 4.4.0-31.50-generic 4.4.13)
[    0.000000] Command line: BOOT_IMAGE=/boot/vmlinuz-4.4.0-31-generic root=LABEL=cloudimg-rootfs ro console=tty1 console=ttyS0
[    0.00000 KRNEL supported cpus:
[  0000000]   Intel GenuineIntel
[  0000000]   AMD AuthenticAMD
[   0.0000]   Centaur CentaurHauls
[  0000000 x6/pu: xstate_offset[2]:  576, xstate_sizes[2]:  256
[    .000000] x86/f: upporting XSAVE feature 0x01: 'x87 floating point registers'
[  0000000] x86/puSupptig SA feare0x2: 'SSE registers'
[    0.000000x8/fpu: Supporting XSAVE feature 0x04: 'AVX registers'
[    0.000000] x86/fpu: Enabled xstate features 0x7, context size is 832 bytes, using 'standard' format.
[    0.000000] x86/fpu: Using 'lazy' FPU context switches.
[    0.000000] e20: BIO-provided phycal RAMma
[    .000] BIOS820: [mem 0x0000000000000-0x000000000009fbff] usable
[  0.000000] BIOS-e820: [mem 0x000000000009fc00-0x000000000009ffff] reserved
[  0.00000] IOS-e820: [mem 0x00000000000f0000-0x00000000000fffff] reserved
[    000000]BI-e820 [m 0x000000010000x000000003ffeffff] usable
[  00000 BIOS-e820: [mem 0x000000003fff0000-0x000000003fffffff] ACPI data
[  0000000] BIOS-e820: [mem 0000000fffc0000-0x00000000ffffffff] reserved
[    0.000000] NX (Execute Disable) protection: active
[    0.000000] SMBIOS 2.5 present.
[   0.000] Hypervisor detected: KVM
[    0.000000] e820: last_pfn = 0x3fff0 max_arch_pfn = 0x400000000
[    0.000000] x86/PAT: Configuration [0-7:   WC  C-UC  WB  WC  UC- WT  
[   0.0000] MTRR: Disabled
[  0000000]CPMTRRal blan -irtualized system.
[   .00000] fndSMP MP-table at [mem 0x0009fff0-0x0009ffff] mapped at [ffff00009ff0
[    0.000000] Scanning 1 areas for low memoy rruption
[  0.000000] RAMDISK: [mem 0x371b8000-0x378d3fff]
[    00000] ACPI: Early table checksum verification disabled
[    0.0000 API: RSD 0x0000000000E00000024 (v02 VB  )
[    0.000000] ACPI: XSDT 0x000000003FFF0030 00003C (v01 VBOX   VBOXXSDT 00000001 ASL  00000061)
[    000000] ACP: FAC 0x00000000FFF000 0000F4 (v04 VBOX   VBOXAC 0000001 ASL  00000061)
[    0.00000] AI:DSDT 0x000000003FFF0470 002118 (v01 VBOX   VBOXBIOS 00000002 INTL 20100528)
[    0000 API FACS 0x000000003FFF0200 000040
[    0.000000] ACPI: FACS 0x000000003FFF0200 000040
[    0.000000] ACPI: APIC 0x000000003FFF0240 00005C (v02 VBOX   VBOXAPIC 00000001 ASL  00000061)
[    0.000000] ACPI: SSDT 0x000000003FFF02A0 0001CC (v01 VBOX   VBOXCPUT 00002 INTL 20100528)
[    00000] No NUMA configuration found
[    0.00000] Fking  nde at [mem 00000000000000-x0000003ffeffff]
[    0.00000] NODE_DATA(0) allocate[mem 0x3ffeb000-0x3ffeffff]
[    0.000000] kvm-clock: Using msrs 4b564d01 and 4b564d00
[  000000 kvm-clock: cpu0, ms 0ff7001,primry cpu clock
[  0000000] kvm-clock: using sched offset of 3212246086 cycles
[  0000000] ocksrc: kvmclk: mk:0xffffffffffffffff max_cycles: 0x1cd42e4dffb, max_iles: 881590591483 ns
[  0000000] Zone ranges:
[    0.000000]   DMA      [mem 0x0000000000001000-0x0000000000ffffff]
[    0.000000]   DMA32    [mem 0x0000000001000000-0x000000003ffeffff]
[    00000]   Normal   empty
[  00000]  Device   ept
[   000000]ovble nestart for each node
[  0000000] Early emory node ranges
[    0.000000]   od  0: me0x0000000000001000-0x000000000009efff]
[    000000]   node   0: [mem 0x0000000000100000-0x000000003ffeffff]
[    0.000000] Initemetup node0 mem 000000000100-0x000003ffeff
[    0.00000] PI PM-im IO Port: 0x4008
[  0000000IOPIC[0]: apic_id 2, version 17, address 0xfec00000, GSI 0-23
[    0.0000 API:NTSRC_OVR (bus 0 bus_irq 0 global_irq 2 dfl dfl)
[    0.000000] ACPI: INT_SRC_OVR (bus 0 bus_irq 9 global_irq 9 high level)
  0.000000] Using ACPI (MADT) for SMP configuration information
[   0.00000] spboot Alowing 2 CPUs, 0 hotplug CPUs
[  000000] P: gistred nosave memory: [mem 0x00000000-0x00000fff]
[    0.000000] PM: Registered nosave memory: [mem 0x0009f000-0x0009ffff]
[    0.000000] PM: Registered nosave moy: [m 0000a000x000effff
[   000000] PM: Regsted noavmemory: [mem 0x000f0000-0x000fffff]
[   .0000] 820: me0x40000000-0xfffbfff] avlableorPCI vies
[    0.000000] Booting paravirtualized kernel on KVM
[   0.0000] clocksouce: rfied-jiffs: msk: 0xfffffff ax_cyles: 0xffffffff, max_idle_ns: 7645519600211568 ns
[    0.00000] seup_percpu: NR_CUS25 nr_cpumask_bits:256 nr_cpu_ids:2 nr_node_ids:1
[    0.000000] PERCPU: Embedded 33 pages/cpu @ffff88003fc00000 s98008 r8192 d28968 u1048576
[    0.000000] PV qspinlock hash table entries: 256 (order: 0, 4096 bytes)
[    0.0000] Built 1 zonelists in Node order, mobilitygrpingn. Total pages: 257913
[  0000000] Policy zone: DMA32
[    0.000] Kenecommad ne: BOOT_AGE=/boot/vmlinuz-4.4.0-31-generic root=LABEL=cloudimg-rootfs ro console=tty1 console=ttyS0
[    000000] PD ash table entries: 4096 (order: 3, 32768 bytes)
[    0.000000] Memory: 1005360K/1048120K available (8393K kernel code, 1282K rwdata, 3940K rodata, 1480K init, 1292K ss42760Krerved, 0K cma-rserved
   0.00000] SLUB HWaign=64, Orer-3, inObjects=0, CPUs=2, Noes=
[   000000] Hierarchical RCU implementation.
[    .0000] 	Build-tme ausmentofeaf fanout to 64.
[  0000000] 	RCUrestricting CPUs from NR_CPUS=256 to nr_cp_is=2.[   0.00000RCU: Adjuting geometry for rcu_fanout_leaf=64, nr_cpu_ids=2
[    0.000000] NR_IRQS:16640nr_irqs:0 6
[    0.000000] Console: colour VGA+ 80x25
[   000000] console [tty1] enabled
[  0000000] console [ttyS0] enabled
[    0.000000] tsc: Detected 2394.542 MHz processor
[    9.995532] Calibrating delay loop (skipped) preset value.. 4789.08 BogoMIPS (lpj=9578168)
[   10.089866] pid_max: default: 32768 minimum: 301
[   10.107505] ACPI: Core revision 20150930
[   10.121019] ACPI: 2 ACPI AML tables successfully acquired and loaded
[   10.173089] Security Framework initialized
[   10.174064] Yama: becoming mindful.
[   10.188840] AppArmor: AppArmor initialized
[   10.189908] Dentry cache hash table entries: 131072 (order: 8, 1048576 bytes)
[   10.200191] Inode-cache hash table entries: 65536 (order: 7, 524288 bytes)
[   10.225490] Mount-cache hash table entries: 2048 (order: 2, 16384 bytes)
[   10.252019] Mountpoint-cache hash table entries: 2048 (order: 2, 16384 bytes)
[   10.296831] Initializing cgroup subsys io
[   10.323822] Initializing cgroup subsys memory
[   10.352133] Initializing cgroup subsys devices
[   10.359631] Initializing cgroup subsys freezer
[   10.376464] Initializing cgroup subsys net_cls
[   10.408204] Initializing cgroup subsys perf_event
[   10.437933] Initializing cgroup subsys net_prio
[   10.448412] Initializing cgroup subsys hugetlb
[   10.477050] Initializing cgroup subsys pids
[   10.498076] CPU: Physical Processor ID: 0
[   10.525417] CPU: Processor Core ID: 0
[   10.532197] mce: CPU supports 0 MCE banks
[   10.538701] Last level iTLB entries: 4KB 512, 2MB 8, 4MB 8
[   10.539930] Last level dTLB entries: 4KB 512, 2MB 32, 4MB 32, 1GB 0
[   10.543321] Freeing SMP alternatives memory: 28K (ffffffff820b4000 - ffffffff820bb000)
[   10.571324] ftrace: allocating 31994 entries in 125 pages
[   10.641964] smpboot: Max logical packages: 1
[   10.671388] smpboot: APIC(0) Converting physical 0 to logical package 0
[   10.674141] ..TIMER: vector=0x30 apic1=0 pin1=2 apic2=-1 pin2=-1
[   10.831499] smpboot: CPU0: Intel(R) Core(TM) i7-3635QM CPU @ 2.40GHz (family: 0x6, model: 0x3a, stepping: 0x9)
[   10.883497] Performance Events: unsupported p6 CPU model 58 no PMU driver, software events only.
[   10.957360] KVM setup paravirtual spinlock
[   10.983143] x86: Booting SMP configuration:
[   10.998081] .... node  #0, CPUs:      #1
[   11.035696] kvm-clock: cpu 1, msr 0:3ffe7041, secondary cpu clock
[   11.045119] mce: CPU supports 0 MCE banks
[   11.056100] x86: Booted up 1 node, 2 CPUs
[   11.081877] smpboot: Total of 2 processors activated (9578.16 BogoMIPS)
[   11.104144] devtmpfs: initialized
[   11.160397] evm: security.selinux
[   11.208205] evm: security.SMACK64
[   11.257221] evm: security.SMACK64EXEC
[   11.273318] evm: security.SMACK64TRANSMUTE
[   11.274280] evm: security.SMACK64MMAP
[   11.297346] evm: security.ima
[   11.305994] evm: security.capability
[   11.326364] clocksource: jiffies: mask: 0xffffffff max_cycles: 0xffffffff, max_idle_ns: 7645041785100000 ns
[   11.358200] pinctrl core: initialized pinctrl subsystem
[   11.388853] RTC time:  0:02:52, date: 07/29/16
[   11.420552] NET: Registered protocol family 16
[   11.499647] cpuidle: using governor ladder
[   11.515908] cpuidle: using governor menu
[   11.522393] PCCT header not found.
[   11.549901] ACPI: bus type PCI registered
[   11.572591] acpiphp: ACPI Hot Plug PCI Controller Driver version: 0.5
[   11.606004] PCI: Using configuration type 1 for base access
[   11.641508] ACPI: Added _OSI(Module Device)
[   11.708284] ACPI: Added _OSI(Processor Device)
[   11.775215] ACPI: Added _OSI(3.0 _SCP Extensions)
[   11.806931] ACPI: Added _OSI(Processor Aggregator Device)
[   11.845941] ACPI: Executed 1 blocks of module-level executable AML code
[   11.897388] ACPI: Interpreter enabled
[   11.939274] ACPI Exception: AE_NOT_FOUND, While evaluating Sleep State [\_S1_] (20150930/hwxface-580)
[   12.064001] ACPI Exception: AE_NOT_FOUND, While evaluating Sleep State [\_S2_] (20150930/hwxface-580)
[   12.165352] ACPI Exception: AE_NOT_FOUND, While evaluating Sleep State [\_S3_] (20150930/hwxface-580)
[   12.227922] ACPI Exception: AE_NOT_FOUND, While evaluating Sleep State [\_S4_] (20150930/hwxface-580)
[   12.255419] ACPI: (supports S0 S5)
[   12.266226] ACPI: Using IOAPIC for interrupt routing
[   12.270464] PCI: Using host bridge windows from ACPI; if necessary, use "pci=nocrs" and report a bug
[   12.311510] ACPI: PCI Root Bridge [PCI0] (domain 0000 [bus 00-ff])
[   12.388145] acpi PNP0A03:00: _OSC: OS supports [ASPM ClockPM Segments MSI]
[   12.410700] acpi PNP0A03:00: _OSC failed (AE_NOT_FOUND); disabling ASPM
[   12.428315] acpi PNP0A03:00: fail to add MMCONFIG information, can't access extended PCI configuration space under this bridge.
[   12.448539] PCI host bridge to bus 0000:00
[   12.456879] pci_bus 0000:00: root bus resource [io  0x0000-0x0cf7 window]
[   12.458711] pci_bus 0000:00: root bus resource [io  0x0d00-0xffff window]
[   12.492757] pci_bus 0000:00: root bus resource [mem 0x000a0000-0x000bffff window]
[   12.514110] pci_bus 0000:00: root bus resource [mem 0x40000000-0xffdfffff window]
[   12.544640] pci_bus 0000:00: root bus resource [bus 00-ff]
[   12.570667] pci 0000:00:01.1: legacy IDE quirk: reg 0x10: [io  0x01f0-0x01f7]
[   12.627940] pci 0000:00:01.1: legacy IDE quirk: reg 0x14: [io  0x03f6]
[   12.660251] pci 0000:00:01.1: legacy IDE quirk: reg 0x18: [io  0x0170-0x0177]
[   12.709458] pci 0000:00:01.1: legacy IDE quirk: reg 0x1c: [io  0x0376]
[   12.730092] ACPI: PCI Interrupt Link [LNKA] (IRQs 5 9 10 11) *0, disabled.
[   12.808758] ACPI: PCI Interrupt Link [LNKB] (IRQs 5 9 10 *11)
[   12.906845] ACPI: PCI Interrupt Link [LNKC] (IRQs 5 9 *10 11)
[   12.937301] ACPI: PCI Interrupt Link [LNKD] (IRQs 5 *9 10 11)
[   13.029760] ACPI: Enabled 2 GPEs in block 00 to 07
[   13.101768] vgaarb: setting as boot device: PCI:0000:00:02.0
[   13.126961] vgaarb: device added: PCI:0000:00:02.0,decodes=io+mem,owns=io+mem,locks=none
[   13.153339] vgaarb: loaded
[   13.167520] vgaarb: bridge control possible 0000:00:02.0
[   13.179259] SCSI subsystem initialized
[   13.197001] ACPI: bus type USB registered
[   13.213165] usbcore: registered new interface driver usbfs
[   13.219736] usbcore: registered new interface driver hub
[   13.241340] usbcore: registered new device driver usb
[   13.248692] PCI: Using ACPI for IRQ routing
[   13.249982] NetLabel: Initializing
[   13.267154] NetLabel:  domain hash size = 128
[   13.288175] NetLabel:  protocols = UNLABELED CIPSOv4
[   13.289314] NetLabel:  unlabeled traffic allowed by default
[   13.293186] clocksource: Switched to clocksource kvm-clock
[   1.334522]Aprm: ppArmo Fleysem Enabled
[   13.642282] pnp: PnP ACPI iit
[  13.677407] pnp: PnP ACPI: found 3 devices
[   13.752465] clocksource: acpi_pm: mask: 0xffffff max_cycles: 0xffffff, max_idle_ns: 08701024 s[ 1389948] NET: Registered protocol family 2

[   14.0350]TCPesabisedastae trs:8192 orer 4 653 bte

[   14.732875]TCP bind hsh able entries: 819 (rde: , 3172byes
  1507112]TC: as tables configure (stalihed 892 in 892
  154992] UP astale entries: 512 (orde: , 384byes
  159830] DPite hah blenie 5 (de 2164 tes)
[   16.733534] NET: Regitere ptool family 1
[ 168918] ci00:000: mingirt CICItrsfs   17.638573] pci 0000:00:01.0: Activating ISA DMA hang workarounds
[ 1769680]ryg o pak ot iag ainras.
[   19.588291] Freeing initrd memory: 7280K (ffff8800371b8000 - ffff8800378d4000)
[   19.618018] RAPL PMU detected, API unit is 2^-32 Joules, 3 fixed counters 10737418240 ms ovfl timer
[   19.802770] hw unit of domain pp0-core 2^-0 Joules
[   19.933519] hw unit of domain package 2^-0 Joules
[   20.088521] hw unit of domain pp1-gpu 2^-0 Joules
[   20.202197] platform rtc_cmos: registered platform RTC device (no PNP device found)
[   20.342529] Scanning for low memory corruption every 60 seconds
[   20.357335] futex hash table entries: 512 (order: 3, 32768 bytes)
[   20.379838] audit: initializing netlink subsys (disabled)
[   20.389999] audit: type=2000 audit(1469750573.221:1): initialized
[   20.399779] Initialise system trusted keyring
[   20.408305] HugeTLB registered 2 MB page size, pre-allocated 0 pages
[   20.595067] zbud: loaded
[   20.684723] VFS: Disk quotas dquot_6.6.0
[   20.751856] VFS: Dquot-cache hash table entries: 512 (order 0, 4096 bytes)
[   20.779624] squashfs: version 4.0 (2009/01/31) Phillip Lougher
[   20.798603] fuse init (API version 7.23)
[   20.799667] Key type big_key registered
[   20.858524] Allocating IMA MOK and blacklist keyrings.
[   20.964638] Key type asymmetric registered
[   20.982567] Asymmetric key parser 'x509' registered
[   21.105716] Block layer SCSI generic (bsg) driver version 0.4 loaded (major 249)
[   21.107633] io scheduler noop registered
[   21.124978] io scheduler deadline registered (default)
[   21.131980] io scheduler cfq registered
[   21.141767] pci_hotplug: PCI Hot Plug PCI Core version: 0.5
[   21.145721] pciehp: PCI Express Hot Plug Controller Driver version: 0.4
[   21.155466] ACPI: AC Adapter [AC] (off-line)
[   21.188058] input: Power Button as /devices/LNXSYSTM:00/LNXPWRBN:00/input/input0
[   21.254406] tsc: Refined TSC clocksource calibration: 2393.504 MHz
[   21.302693] clocksource: tsc: mask: 0xffffffffffffffff max_cycles: 0x22803f046f1, max_idle_ns: 440795289971 ns
[   21.305986] ACPI: Power Button [PWRF]
[   21.306098] input: Sleep Button as /devices/LNXSYSTM:00/LNXSLPBN:00/input/input1
[   21.306100] ACPI: Sleep Button [SLPF]
[   21.373920] GHES: HEST is not enabled!
[   21.426417] ACPI: Battery Slot [BAT0] (battery present)
[   21.426461] Serial: 8250/16550 driver, 32 ports, IRQ sharing enabled
[   21.450428] 00:02: ttyS0 at I/O 0x3f8 (irq = 4, base_baud = 115200) is a 16550A
[   21.460499] Linux agpgart interface v0.103
[   21.469992] brd: module loaded
[   21.471272] loop: module loaded
[   21.472083] scsi host0: ata_piix
[   21.472146] scsi host1: ata_piix
[   21.472177] ata1: PATA max UDMA/33 cmd 0x1f0 ctl 0x3f6 bmdma 0xd000 irq 14
[   21.472178] ata2: PATA max UDMA/33 cmd 0x170 ctl 0x376 bmdma 0xd008 irq 15
[   21.472253] libphy: Fixed MDIO Bus: probed
[   21.472255] tun: Universal TUN/TAP device driver, 1.6
[   21.472255] tun: (C) 1999-2004 Max Krasnyansky <maxk@qualcomm.com>
[   21.472667] PPP generic driver version 2.4.2
[   21.472747] ehci_hcd: USB 2.0 'Enhanced' Host Controller (EHCI) Driver
[   21.472754] ehci-pci: EHCI PCI platform driver
[   21.472782] ehci-platform: EHCI generic platform driver
[   21.472794] ohci_hcd: USB 1.1 'Open' Host Controller (OHCI) Driver
[   21.472799] ohci-pci: OHCI PCI platform driver
[   21.472811] ohci-platform: OHCI generic platform driver
[   21.472824] uhci_hcd: USB Universal Host Controller Interface driver
[   21.472945] i8042: PNP: PS/2 Controller [PNP0303:PS2K,PNP0f03:PS2M] at 0x60,0x64 irq 1,12
[   21.473628] serio: i8042 KBD port at 0x60,0x64 irq 1
[   21.473633] serio: i8042 AUX port at 0x60,0x64 irq 12
[   21.473790] mousedev: PS/2 mouse device common for all mice
[   21.474247] input: AT Translated Set 2 keyboard as /devices/platform/i8042/serio0/input/input2
[   21.474773] rtc_cmos rtc_cmos: rtc core: registered rtc_cmos as rtc0
[   21.474861] rtc_cmos rtc_cmos: alarms up to one day, 114 bytes nvram
[   21.474870] i2c /dev entries driver
[   21.474948] device-mapper: uevent: version 1.0.3
[   21.475006] device-mapper: ioctl: 4.34.0-ioctl (2015-10-28) initialised: dm-devel@redhat.com
[   21.475060] ledtrig-cpu: registered to indicate activity on CPUs
[   21.475412] NET: Registered protocol family 10
[   21.475635] NET: Registered protocol family 17
[   21.475649] Key type dns_resolver registered
[   21.475845] microcode: CPU0 sig=0x306a9, pf=0x2, revision=0x19
[   21.492454] microcode: CPU1 sig=0x306a9, pf=0x2, revision=0x19
[   21.492582] microcode: Microcode Update Driver: v2.01 <tigran@aivazian.fsnet.co.uk>, Peter Oruba
[   21.492889] registered taskstats version 1
[   21.492913] Loading compiled-in X.509 certificates
[   21.493906] Loaded X.509 cert 'Build time autogenerated kernel key: cfb4d0870811f0d88a3f3259915bd8e83759f99c'
[   21.493943] zswap: loaded using pool lzo/zbud
[   21.496530] Key type trusted registered
[   21.499862] Key type encrypted registered
[   21.499868] AppArmor: AppArmor sha1 policy hashing enabled
[   21.499872] ima: No TPM chip found, activating TPM-bypass!
[   21.499894] evm: HMAC attrs: 0x1
[   21.500283]   Magic number: 8:144:2
[   21.505195] rtc_cmos rtc_cmos: setting system clock to 2016-07-29 00:03:02 UTC (1469750582)
[   21.505428] BIOS EDD facility v0.16 2004-Jun-25, 0 devices found
[   21.505429] EDD information not available.
[   24.527124] Freeing unused kernel memory: 1480K (ffffffff81f42000 - ffffffff820b4000)
[   24.780718] Write protecting the kernel read-only data: 14336k
[   24.895159] Freeing unused kernel memory: 1836K (ffff880001835000 - ffff880001a00000)
[   24.998421] Freeing unused kernel memory: 156K (ffff880001dd9000 - ffff880001e00000)
Loading, please wait...
starting version[   25.047668] random: systemd-udevd urandom read with 3 bits of entropy available
 229
[   25.235967] e1000: Intel(R) PRO/1000 Network Driver - version 7.3.21-k8-NAPI
[   25.305891] e1000: Copyright (c) 1999-2006 Intel Corporation.
[   25.476390] Fusion MPT base driver 3.04.20
[   25.543688] Copyright (c) 1999-2008 LSI Corporation
[   25.647298] AVX version of gcm_enc/dec engaged.
[   25.728648] AES CTR mode by8 optimization enabled
[   25.850924] input: ImExPS/2 Generic Explorer Mouse as /devices/platform/i8042/serio1/input/input4
[   25.982845] Fusion MPT SPI Host driver 3.04.20
[   26.307177] e1000 0000:00:03.0 eth0: (PCI:33MHz:32-bit) 02:93:8c:c7:da:19
[   26.523580] e1000 0000:00:03.0 eth0: Intel(R) PRO/1000 Network Connection
[   26.887018] mptbase: ioc0: Initiating bringup
[   26.887659] e1000 0000:00:03.0 enp0s3: renamed from eth0
[   27.137717] ioc0: LSI53C1030 A0: Capabilities={Initiator}
[   27.870059] scsi host2: ioc0: LSI53C1030 A0, FwRev=00000000h, Ports=1, MaxQ=256, IRQ=20
[   28.680466] floppy0: no floppy controllers found
[   28.850664] scsi 2:0:0:0: Direct-Access     VBOX     HARDDISK         1.0  PQ: 0 ANSI: 5
[   28.858629] scsi target2:0:0: Beginning Domain Validation
[   28.937787] scsi target2:0:0: Domain Validation skipping write tests
[   28.942626] scsi target2:0:0: Ending Domain Validation
[   28.949335] scsi target2:0:0: asynchronous
[   28.950790] scsi 2:0:1:0: Direct-Access     VBOX     HARDDISK         1.0  PQ: 0 ANSI: 5
[   28.963430] scsi target2:0:1: Beginning Domain Validation
[   29.008237] scsi target2:0:1: Domain Validation skipping write tests
[   29.018688] scsi target2:0:1: Ending Domain Validation
[   29.044924] scsi target2:0:1: asynchronous
[   29.072870] sd 2:0:0:0: Attached scsi generic sg0 type 0
[   29.109527] sd 2:0:0:0: [sda] 20971520 512-byte logical blocks: (10.7 GB/10.0 GiB)
[   29.130057] sd 2:0:0:0: [sda] Write Protect is off
[   29.142395] sd 2:0:1:0: Attached scsi generic sg1 type 0
[   29.142517] sd 2:0:1:0: [sdb] 20480 512-byte logical blocks: (10.5 MB/10.0 MiB)
[   29.142629] sd 2:0:0:0: [sda] Incomplete mode parameter data
[   29.142630] sd 2:0:0:0: [sda] Assuming drive cache: write through
[   29.142715] sd 2:0:1:0: [sdb] Write Protect is off
[   29.142830] sd 2:0:1:0: [sdb] Incomplete mode parameter data
[   29.142831] sd 2:0:1:0: [sdb] Assuming drive cache: write through
[   29.144268] sd 2:0:1:0: [sdb] Attached SCSI disk
[   29.150227]  sda: sda1
[   29.151076] sd 2:0:0:0: [sda] Attached SCSI disk
Begin: Loading e[   31.573322] md: linear personality registered for level -1
ssential drivers[   31.585783] md: multipath personality registered for level -4
 ... [   31.598952] md: raid0 personality registered for level 0
[   31.618958] md: raid1 personality registered for level 1
[   31.825520] raid6: sse2x1   gen()  8417 MB/s
[   31.893232] raid6: sse2x1   xor()  6875 MB/s
[   32.105272] raid6: sse2x2   gen() 10746 MB/s
[   32.357564] raid6: sse2x2   xor()  7527 MB/s
[   32.641262] raid6: sse2x4   gen() 12294 MB/s
[   32.717294] raid6: sse2x4   xor()  7151 MB/s
[   32.735740] raid6: using algorithm sse2x4 gen() 12294 MB/s
[   33.014909] raid6: .... xor() 7151 MB/s, rmw enabled
[   33.178001] raid6: using ssse3x2 recovery algorithm
[   33.429725] xor: automatically using best checksumming function:
[   33.505703]    avx       : 18975.000 MB/sec
[   33.556659] async_tx: api initialized (async)
[   33.604003] md: raid6 personality registered for level 6
[   33.644046] md: raid5 personality registered for level 5
[   33.756448] md: raid4 personality registered for level 4
[   33.789104] md: raid10 personality registered for level 10
done.
Begin: Running /scripts/init-premount ... done.
Begin: Mounting root file system ... Begin: Running /scr[   33.841654] Btrfs loaded
ipts/local-top ... done.
Begin: Running /scripts/local-premount ... Scanning for Btrfs filesystems
done.
Warning: fsck no[   33.993782] EXT4-fs (sda1): mounted filesystem with ordered data mode. Opts: (null)
t present, so skipping root file system
done.
Begin: Running /scripts/local-bottom ... done.
Begin: Running /scripts/init-bottom ... Warning: overlayroot: debug is busted
done.
[   34.245710] systemd[1]: systemd 229 running in system mode. (+PAM +AUIIT +SELINUX +IMA +APPARMOR +SMACK +SYSVINIT +UTMP +LIBCRYPTSETUP +GCRYPT +GNUTLS +ACL +XZ -LZ4 +SECCOMP +BLKID +ELFUTILS +KMOD -IDN)
[   34.749166] systemd[1]: Detected virtualization oracle.
[   34.847975] systemd[1]: Detected architecture x86-64.

Welcome to [1mUbuntu 16.04.1 LTS[0m!

[   34.909948] systemd[1]: Set hostname to <ubuntu>.
[   34.926927] systemd[1]: Initializing machine ID from random generator.
[   34.942538] systemd[1]: Installed transient /etc/machine-id file.
[   35.190723] systemd[1]: Reached target Encrypted Volumes.
[[0;32m  OK  [0m] Reached target Encrypted Volumes.
[   35.254201] systemd[1]: Listening on Journal Socket.
[[0;32m  OK  [0m] Listening on Journal Socket.
[   35.369749] systemd[1]: Listening on Journal Socket (/dev/log).
[[0;32m  OK  [0m] Listening on Journal Socket (/dev/log).
[   35.594047] systemd[1]: Listening on udev Control Socket.
[[0;32m  OK  [0m] Listening on udev Control Socket.
[   35.653680] systemd[1]: Reached target Swap.
[[0;32m  OK  [0m] Reached target Swap.
[   35.766377] systemd[1]: Listening on /dev/initctl Compatibility Named Pipe.
[[0;32m  OK  [0m] Listening on /dev/initctl Compatibility Named Pipe.
[   35.865921] systemd[1]: Listening on LVM2 poll daemon socket.
[[0;32m  OK  [0m] Listening on LVM2 poll daemon socket.
[   35.946534] systemd[1]: Created slice User and Session Slice.
[[0;32m  OK  [0m] Created slice User and Session Slice.
[   36.001977] systemd[1]: Listening on LVM2 metadata daemon socket.
[[0;32m  OK  [0m] Listening on LVM2 metadata daemon socket.
[   36.049535] systemd[1]: Reached target User and Group Name Lookups.
[[0;32m  OK  [0m] Reached target User and Group Name Lookups.
[   36.116238] systemd[1]: Listening on Device-mapper event daemon FIFOs.
[[0;32m  OK  [0m] Listening on Device-mapper event daemon FIFOs.
[   36.217939] systemd[1]: Listening on Syslog Socket.
[[0;32m  OK  [0m] Listening on Syslog Socket.
[   36.244821] systemd[1]: Created slice System Slice.
[[0;32m  OK  [0m] Created slice System Slice.
[   36.306012] systemd[1]: Mounting Huge Pages File System...
         Mounting Huge Pages File System...
[   36.662161] systemd[1]: Starting Monitoring of LVM2 mirrors, snapshots etc. using dmeventd or progress polling...
         Starting Monitoring of LVM2 mirrors... dmeventd or progress polling...
[   36.741629] systemd[1]: Starting Load Kernel Modules...
[   36.748819] Loading iSCSI transport class v2.0-870.
         Startin[   36.763146] iscsi: registered transport (tcp)
g Load Kernel Modules...
[   36.805585] systemd[1]: Reached target Slices.
[[0;32m  OK  [0m] Reached target Slices.
[   36.829966] iscsi: registered transport (iser)
[   36.930757] systemd[1]: Created slice system-serial\x2dgetty.slice.
[[0;32m  OK  [0m] Created slice system-serial\x2dgetty.slice.
[   37.145399] systemd[1]: Starting Nameserver information manager...
         Starting Nameserver information manager...
[   37.193632] systemd[1]: Mounting Debug File System...
         Mounting Debug File System...
[   37.493844] systemd[1]: Starting Set console keymap...
[   37.494735] random: nonblocking pool is initialized
         Starting Set console keymap...
[   37.781992] systemd[1]: Listening on Journal Audit Socket.
[[0;32m  OK  [0m] Listening on Journal Audit Socket.
[   38.133472] systemd[1]: Starting Journal Service...
         Starting Journal Service...
[   38.161538] systemd[1]: Listening on udev Kernel Socket.
[[0;32m  OK  [0m] Listening on udev Kernel Socket.
[   38.209842] systemd[1]: Starting Remount Root and Kernel File Systems...
[   38.217799] EXT4-fs (sda1): re-mounted. Opts: (null)
         Starting Remount Root and Kernel File Systems...
[   38.270564] systemd[1]: Mounting POSIX Message Queue File System...
         Mounting POSIX Message Queue File System...
[   38.325468] systemd[1]: Starting Create list of required static device nodes for the current kernel...
         Starting Create list of required st... nodes for the current kernel...
[   38.381959] systemd[1]: Starting Uncomplicated firewall...
         Starting Uncomplicated firewall...
[   38.478600] systemd[1]: Started Forward Password Requests to Wall Directory Watch.
[[0;32m  OK  [0m] Started Forward Password Requests to Wall Directory Watch.
[   38.522266] systemd[1]: Set up automount Arbitrary Executable File Formats File System Automount Point.
[[0;32m  OK  [0m] Set up automount Arbitrary Executab...ats File System Automount Point.
[   38.602935] systemd[1]: Mounted Huge Pages File System.
[[0;32m  OK  [0m] Mounted Huge Pages File System.
[   38.698402] systemd[1]: Mounted POSIX Message Queue File System.
[[0;32m  OK  [0m] Mounted POSIX Message Queue File System.
[   38.737617] systemd[1]: Mounted Debug File System.
[[0;32m  OK  [0m] Mounted Debug File System.
[   38.794587] systemd[1]: Started Journal Service.
[[0;32m  OK  [0m] Started Journal Service.
[[0;32m  OK  [0m] Started Load Kernel Modules.
[[0;32m  OK  [0m] Started Set console keymap.
[[0;32m  OK  [0m] Started Remount Root and Kernel File Systems.
[[0;32m  OK  [0m] Started Create list of required sta...ce nodes for the current kernel.
[[0;32m  OK  [0m] Started Uncomplicated firewall.
[[0;32m  OK  [0m] Started Nameserver information manager.
[[0;32m  OK  [0m] Started LVM2 metadata daemon.
         Starting Create Static Device Nodes in /dev...
         Starting Load/Save Random Seed...
         Starting udev Coldplug all Devices...
         Starting Apply Kernel Variables...
         Mounting FUSE Control File System...
         Starting Flush Journal to Persistent Storage...
[[0;32m  OK  [0m] Mounted FUSE Control File System.
[[0;32m  OK  [0m] Started Create Static Device Nodes in /dev.
[[0;32m  OK  [0m] Started Load/Save Random Seed.
[[0;32m  OK  [0m] Started Apply Kernel Variables.
[[0;32m  OK  [0m] Started udev Coldplug all Devices.
[[0;32m  OK  [0m] Started Flush Journal to Persistent Storage.
         Starting udev Kernel Device Manager...
[[0;32m  OK  [0m] Started udev Kernel Device Manager.
[[0;32m  OK  [0m] Started Dispatch Password Requests to Console Directory Watch.
[[0;32m  OK  [0m] Started Monitoring of LVM2 mirrors,...ng dmeventd or progress polling.
[[0;32m  OK  [0m] Reached target Local File Systems (Pre).
[[0;32m  OK  [0m] Reached target Local File Systems.
         Starting Create Volatile Files and Directories...
         Starting Tell Plymouth To Write Out Runtime Data...
         Starting Set console font and keymap...
         Starting Initial cloud-init job (pre-networking)...
         Starting Commit a transient machine-id on disk...
         Starting LSB: AppArmor initialization...
[[0;32m  OK  [0m] Started Create Volatile Files and Directories.
[[0;32m  OK  [0m] Started Tell Plymouth To Write Out Runtime Data.
[[0;32m  OK  [0m] Started Commit a transient machine-id on disk.
[[0;32m  OK  [0m] Found device /dev/ttyS0.
[[0;32m  OK  [0m] Listening on Load/Save RF Kill Switch Status /dev/rfkill Watch.
         Starting Network Time Synchronization...
         Starting Update UTMP about System Boot/Shutdown...
[[0;32m  OK  [0m] Started Network Time Synchronization.
[[0;32m  OK  [0m] Started Set console font and keymap.
[[0;32m  OK  [0m] Started Update UTMP about System Boot/Shutdown.
[   28.584573] cloud-init[1389]: Cloud-init v. 0.7.7 running 'init-local' at Fri, 29 Jul 2016 00:03:21 +0000. Up 28.15 seconds.
[[0;32m  OK  [0m] Started Initial cloud-init job (pre-networking).
[[0;32m  OK  [0m] Reached target Network (Pre).
[[0;32m  OK  [0m] Created slice system-getty.slice.
[[0;32m  OK  [0m] Reached target System Time Synchronized.
[[0;32m  OK  [0m] Started LSB: AppArmor initialization.
         Starting Raise network interfaces...
[[0;32m  OK  [0m] Reached target System Initialization.
         Starting Socket activation for snappy daemon.
[[0;32m  OK  [0m] Started Trigger resolvconf update for networkd DNS.
[[0;32m  OK  [0m] Started ACPI Events Check.
[[0;32m  OK  [0m] Reached target Paths.
[[0;32m  OK  [0m] Listening on UUID daemon activation socket.
[[0;32m  OK  [0m] Started Daily Cleanup of Temporary Directories.
         Starting LXD - unix socket.
[[0;32m  OK  [0m] Listening on ACPID Listen Socket.
[[0;32m  OK  [0m] Started Daily apt activities.
[[0;32m  OK  [0m] Listening on D-Bus System Message Bus Socket.
[[0;32m  OK  [0m] Started Timer to automatically refresh installed snaps.
[[0;32m  OK  [0m] Reached target Timers.
[[0;32m  OK  [0m] Listening on Socket activation for snappy daemon.
[[0;32m  OK  [0m] Listening on LXD - unix socket.
[[0;32m  OK  [0m] Reached target Sockets.
[[0;32m  OK  [0m] Reached target Basic System.
[[0;32m  OK  [0m] Started ACPI event daemon.
[[0;32m  OK  [0m] Started FUSE filesystem for LXC.
[[0;32m  OK  [0m] Started D-Bus System Message Bus.
         Starting LSB: Record successful boot for GRUB...
         Starting Accounts Service...
         Starting System Logging Service...
[[0;32m  OK  [0m] Started Deferred execution scheduler.
         Starting LXD - container startup/shutdown...
         Starting Login Service...
[[0;32m  OK  [0m] Started Regular background program processing daemon.
         Starting LSB: MD monitoring daemon...
[[0;32m  OK  [0m] Started Snappy daemon.
[[0;32m  OK  [0m] Started System Logging Service.
[[0;32m  OK  [0m] Started LSB: Record successful boot for GRUB.
         Starting Authenticate and Authorize Users to Run Privileged Tasks...
[[0;32m  OK  [0m] Started LSB: MD monitoring daemon.
[[0;32m  OK  [0m] Started Login Service.
[[0;32m  OK  [0m] Started LXD - container startup/shutdown.
[[0;32m  OK  [0m] Started Authenticate and Authorize Users to Run Privileged Tasks.
[[0;32m  OK  [0m] Started Accounts Service.
[[0;32m  OK  [0m] Started Raise network interfaces.
[[0;32m  OK  [0m] Reached target Network.
         Starting Initial cloud-init job (metadata service crawler)...
[   31.934709] cloud-init[2032]: Cloud-init v. 0.7.7 running 'init' at Fri, 29 Jul 2016 00:03:24 +0000. Up 30.99 seconds.
[   31.988593] cloud-init[2032]: ci-info: +++++++++++++++++++++++++++++++++++++Net device info++++++++++++++++++++++++++++++++++++++
[   32.056364] cloud-init[2032]: ci-info: +--------+------+----------------------------+---------------+-------+-------------------+
[   32.056839] cloud-init[2032]: ci-info: | Device |  Up  |          Address           |      Mask     | Scope |     Hw-Address    |
[[0;32m  OK  [0m] Started Initial cloud-init job (metadata service crawler).
[   32.057213] cloud-init[2032]: ci-info: +--------+------+----------------------------+---------------+-------+-------------------+
[[   32.352605] cloud-init[2032]: ci-info: | enp0s3 | True |         10.0.2.15          | 255.255.255.0 |   .   | 02:93:8c:c7:da:19 |
[   32.353980] cloud-init[2032]: ci-info: | enp0s3 | True | fe80::93:8cff:fec7:da19/64 |       .       |  link | 02:93:8c:c7:da:19 |
[0;32m  OK  [0m] Reached target Cloud-config availability.
[   32.354236] cloud-init[2032]: ci-info: |   lo   | True |         127.0.0.1          |   255.0.0.0   |   .   |         .         |
[[   32.516672] cloud-init[2032]: ci-info: |   lo   | True |          ::1/128           |       .       |  host |         .         |
[   32.517576] cloud-init[2032]: ci-info: +--------+------+----------------------------+---------------+-------+-------------------+
[0;32m  OK  [0m] Reached target Network is Online.
[   32.517968] cloud-init[2032]: ci-info: +++++++++++++++++++++++++++Route IPv4 info++++++++++++++++++++++++++++
[   32.584420] cloud-init[2032]: ci-info: +-------+-------------+----------+---------------+-----------+-------+
[   32.584855] cloud-init[2032]: ci-info: | Route | Destination | Gateway  |    Genmask    | Interface | Flags |
         Starting Seed the pseudo random number generator on first boot...
[   32.585242] cloud-init[2032]: ci-info: +-------+-------------+----------+---------------+-----------+-------+
[   32.700445] cloud-init[2032]: ci-info: |   0   |   0.0.0.0   | 10.0.2.2 |    0.0.0.0    |   enp0s3  |   UG  |
[   32.700754] cloud-init[2032]: ci-info: |   1   |   10.0.2.0  | 0.0.0.0  | 255.255.255.0 |   enp0s3  |   U   |
         Starting /etc/rc.local Compatibility...
[   32.701022] cloud-init[2032]: ci-info: +-------+-------------+----------+---------------+-----------+-------+
[   32.815386] cloud-init[2032]: Generating public/private rsa key pair.
[   32.815734] cloud-init[2032]: Your identification has been saved in /etc/ssh/ssh_host_rsa_key.
         Starting Apply the settings specified in cloud-config...
[   32.815919] cloud-init[2032]: Your public key has been saved in /etc/ssh/ssh_host_rsa_key.pub.
[   32.941130] cloud-init[2032]: The key fingerprint is:
[   32.941458] cloud-init[2032]: SHA256:QSLYdwYVOGDTsH+qtKZVIL9+Se7Ts5D05DVTyOhRz/g root@ubuntu-xenial
[   32.941644] cloud-init[2032]: The key's randomart image is:
[   32.941832] cloud-init[2032]: +---[RSA 2048]----+
[   32.942010] cloud-init[2032]: |   o*+o++..      |
         Starting iSCSI initiator daemon (iscsid)...
[[0;32m  OK  [0m] Started /etc/rc.local Compatibility.
[   32.942853] cloud-init[2032]: |  ...+=oo+ =     |
[   33.092443] cloud-init[2032]: |  . o. ++ + +    |
[   33.115375] cloud-init[2032]: |   o o . o o     |
[[0;32m  OK  [0m] Started iSCSI initiator daemon (iscsid).
[   33.132659] cloud-init[2032]: |    . + S + E    |
[   33.168572]          cloud-initStarting Login to default iSCSI targets...[2032]: 
|     +.B . o     |
[   33.196402] [cloud-init[0;32m  OK  [0m[2032]: ] |    +o+oo        |Started Login to default iSCSI targets.

[   33.196979] cloud-init[2032]: |   +.o=.o        |
[   33.272996] [cloud-init[0;32m  OK  [0m[2032]: ] |  .o+o...o       |Reached target Remote File Systems (Pre).

[[0;32m  OK  [0m] Reached target Remote File Systems.
[   33.273859] cloud-init[2032]: +----[SHA256]-----+
[   33.380511]          cloud-initStarting Permit User Sessions...[2032]: 
Generating public/private dsa key pair.
[   33.381278] cloud-init[2032]: Your identification has been saved in /etc/ssh/ssh_host_dsa_key.
[   33.453427]          cloud-initStarting LSB: daemon to balance interrupts for SMP systems...[2032]: 
Your public key has been saved in /etc/ssh/ssh_host_dsa_key.pub.
[   33.500618]          cloud-initStarting LSB: automatic crash report generation...[2032]: 
The key fingerprint is:
         Starting LSB: Set the CPU Frequency Scaling governor to "ondemand"...
[[0;32m  OK  [0m] Started Permit User Sessions.
[   33.535232] cloud-init[2032]: SHA256:DMa2n66xbI5A+JdlZr5oJqUrK5xFflG2kBuQy++vLQk root@ubuntu-xenial
[   33.636578] cloud-init[2032]: The key's randomart image is:
         Starting Hold until boot process finishes up...
[   33.667772] cloud-init[2032]: +---[DSA 1024]----+
[   33.708228] cloud-init[2032]: |   .o .          |
[   33.724931] cloud-init[2032]: |   . = o         |
         Starting Terminate Plymouth Boot Screen...
[   33.744874] cloud-init[2032]: |  . . @ .        |
[   33.797393] cloud-init[2032]: | . + = =         |
[   33.824603] cloud-init[2032]: |. + . B S        |
[[   33.844321] cloud-init[2032]: | o E.X . .       |
[   33.844635] cloud-init[2032]: |. =o* + o        |
[   33.844944] cloud-init[2032]: |oooooBo=         |
[   33.845031] cloud-init[2032]: |oo.=o+X+.        |
[   33.845110] cloud-init[2032]: +----[SHA256]-----+
[   33.845185] cloud-init[2032]: Generating public/private ecdsa key pair.
[   33.845261] cloud-init[2032]: Your identification has been saved in /etc/ssh/ssh_host_ecdsa_key.
[   33.845336] cloud-init[2032]: Your public key has been saved in /etc/ssh/ssh_host_ecdsa_key.pub.
[0;32m  OK  [0m] Started Seed the pseudo random number generator on first boot.
[[0;32m  OK  [0m] Started LSB: daemon to balance interrupts for SMP systems.
[[0;32m  OK  [0m] Started LSB: automatic crash report generation.
[[   33.845424] cloud-init[2032]: The key fingerprint is:
[   34.125621] cloud-init[2032]: SHA256:PJ8CEM78OR3azaUbBFg254rEy7HB7hCpbSwreEhxn/M root@ubuntu-xenial
[   34.125894] cloud-init[2032]: The key's randomart image is:
[   34.126000] cloud-init[2032]: +---[ECDSA 256]---+
[   34.126084] cloud-init[2032]: |    .  o= .      |
[   34.126165] cloud-init[2032]: |   + =.. =       |
[   34.126256] cloud-init[2032]: | . .B * . o .    |
[   34.126360] cloud-init[2032]: |  o+.B.% * o     |
[   34.126526] cloud-init[2032]: | .o =+% S =      |
[   34.126734] cloud-init[2032]: |o. + ooo o +     |
[   34.126891] cloud-init[2032]: |+ o   .E. +      |
[   34.127063] cloud-init[2032]: | o       .       |
[   34.127260] cloud-init[2032]: |                 |
[   34.127363] cloud-init[2032]: +----[SHA256]-----+
[   34.127471] cloud-init[2032]: Generating public/private ed25519 key pair.
[   34.127584] cloud-init[2032]: Your identification has been saved in /etc/ssh/ssh_host_ed25519_key.
[   34.127719] cloud-init[2032]: Your public key has been saved in /etc/ssh/ssh_host_ed25519_key.pub.
[   34.127849] cloud-init[2032]: The key fingerprint is:
[   34.128012] cloud-init[2032]: SHA256:7N3PRG4qPtNNWtwP1GNn0NwU7U965XiTJ4TFJUhwc3s root@ubuntu-xenial
[   34.128213] cloud-init[2032]: The key's randomart image is:
[0;32m  OK  [0m] Started LSB: Set the CPU Frequency Scaling governor to "ondemand".
[[0;32m  OK  [0m] Started Hold until boot process finishes up.
[   34.128445] cloud-init[2032]: +--[ED25519 256]--+
[   34.937174] [cloud-init[0;32m  OK  [0m[2032]: ] |          .o+oo**|Started Terminate Plymouth Boot Screen.

[   34.937677] cloud-init[2032]: |           ..o+o=|
[   35.016457] cloud-init[2032]: |             o.+E|
[[0;32m  OK  [0m] Started Serial Getty on ttyS0.
[   35.036674] cloud-init[2032]: |       .    . o+B|
[   35.092538] cloud-init[2032]: |        S    +oB*|
         Starting Set console scheme...
[   35.093823] cloud-init[2032]: |       . . . oOoB|
[[0;32m  OK  [0m] Started Getty on tty1.
[   35.142804] [cloud-init[0;32m  OK  [0m[2032]: ] |        . ...=+=+|Reached target Login Prompts.

[   35.204725]          cloud-initStarting OpenBSD Secure Shell server...[2032]: 
|          + o*. .|
[   35.236498] [cloud-init[0;32m  OK  [0m[2032]: ] |         ..+. o  |Started Set console scheme.

[[0;32m  OK  [0m] Started OpenBSD Secure Shell server.
[   35.237327] cloud-init[2032]: +----[SHA256]-----+
         Stopping OpenBSD Secure Shell server...
[   35.323260] cloud-init[2139]: Generating locales (this might take a while)...
[   35.364725] cloud-init[2139]:   en_US.UTF-8... done
[[0;32m  OK  [0m] Stopped OpenBSD Secure Shell server.
[   35.365599] cloud-init[2139]: Generation complete.
         Starting OpenBSD Secure Shell server...
[[0;32m  OK  [0m] Started OpenBSD Secure Shell server.
[[0;32m  OK  [0m] Created slice User Slice of ubuntu.
         Starting User Manager for UID 1000...
[[0;32m  OK  [0m] Started Session 1 of user ubuntu.
[[0;32m  OK  [0m] Started User Manager for UID 1000.
[   35.887664] cloud-init[2139]: Cloud-init v. 0.7.7 running 'modules:config' at Fri, 29 Jul 2016 00:03:26 +0000. Up 33.29 seconds.
[[0;32m  OK  [0m] Started Apply the settings specified in cloud-config.
         Starting Execute cloud user/final scripts...
ci-info: no authorized ssh keys fingerprints found for user ubuntu.
<14>Jul 29 00:03:30 ec2: 
<14>Jul 29 00:03:30 ec2: #############################################################
<14>Jul 29 00:03:30 ec2: -----BEGIN SSH HOST KEY FINGERPRINTS-----
<14>Jul 29 00:03:30 ec2: 1024 SHA256:DMa2n66xbI5A+JdlZr5oJqUrK5xFflG2kBuQy++vLQk root@ubuntu-xenial (DSA)
<14>Jul 29 00:03:30 ec2: 256 SHA256:PJ8CEM78OR3azaUbBFg254rEy7HB7hCpbSwreEhxn/M root@ubuntu-xenial (ECDSA)
<14>Jul 29 00:03:30 ec2: 256 SHA256:7N3PRG4qPtNNWtwP1GNn0NwU7U965XiTJ4TFJUhwc3s root@ubuntu-xenial (ED25519)
<14>Jul 29 00:03:30 ec2: 2048 SHA256:QSLYdwYVOGDTsH+qtKZVIL9+Se7Ts5D05DVTyOhRz/g root@ubuntu-xenial (RSA)
<14>Jul 29 00:03:30 ec2: -----END SSH HOST KEY FINGERPRINTS-----
<14>Jul 29 00:03:30 ec2: #############################################################
-----BEGIN SSH HOST KEY KEYS-----
ecdsa-sha2-nistp256 AAAAE2VjZHNhLXNoYTItbmlzdHAyNTYAAAAIbmlzdHAyNTYAAABBBNI0p15iCXFQbR025vdsoo26U00JTt8VHTW2uGJ6tzspKiGdB2bgEsC2JhMQqa1cMgR4hgR2wNBtPRG45iDQNvg= root@ubuntu-xenial
ssh-ed25519 AAAAC3NzaC1lZDI1NTE5AAAAIGMtY36ZNCXm5hEoyERReoB4NedAlHgVdaOd1G6VRC9J root@ubuntu-xenial
ssh-rsa AAAAB3NzaC1yc2EAAAADAQABAAABAQDEhp4aV9kMVW1ppCfFTdJM+IsamDvzE28vK9/B7RUohSrQOmOl/Ngu8pn5RLKxeTmuxrZr/MD7kUgrCYowcrKhd4wv4E96GuDjxwfoiNiq5sUmbAUEC8UI3ebF4m5ZuZ2FhA4K/couwbmQjFex4S17mQjXooXvWXWL0PEIZ4AY9EDQ8Oq8Ov4hHeQKOOhjxCLnGIfop4VYiAmiAhG7tee5Ah8sXhRTXAec8zbSfc18+LHSKOsO2TO3471j8mjKXyFbA/mNv1KV9cAcHN5iKMkaXHaaW3Iyma1ytT9paILjiR5AI3RlkyoyYcjE4spMHDauv96kMYFYNX3rD+ovfXIb root@ubuntu-xenial
-----END SSH HOST KEY KEYS-----
[   37.017677] cloud-init[2349]: Cloud-init v. 0.7.7 running 'modules:final' at Fri, 29 Jul 2016 00:03:30 +0000. Up 36.42 seconds.
[   37.044800] cloud-init[2349]: ci-info: no authorized ssh keys fingerprints found for user ubuntu.
[   37.077152] cloud-init[2349]: Cloud-init v. 0.7.7 finished at Fri, 29 Jul 2016 00:03:30 +0000. Datasource DataSourceNoCloud [seed=/dev/sdb][dsmode=net].  Up 36.99 seconds
[[0;32m  OK  [0m] Started Execute cloud user/final scripts.
[[0;32m  OK  [0m] Reached target Cloud-init target.
[[0;32m  OK  [0m] Reached target Multi-User System.
[[0;32m  OK  [0m] Reached target Graphical Interface.
         Starting Update UTMP about System Runlevel Changes...
[[0;32m  OK  [0m] Started Update UTMP about System Runlevel Changes.

Ubuntu 16.04.1 LTS ubuntu-xenial ttyS0

ubuntu-xenial login: 